Configuring connection-0.2.8...
Preprocessing library for connection-0.2.8..
Building library for connection-0.2.8..
[1 of 2] Compiling Network.Connection.Types ( Network\Connection\Types.hs, .stack-work\dist\7d103d30\build\Network\Connection\Types.o )
[2 of 2] Compiling Network.Connection ( Network\Connection.hs, .stack-work\dist\7d103d30\build\Network\Connection.o )

[;1mNetwork\Connection.hs:52:1: [;1m[35mwarning:[0m[0m[;1m [[;1m[35m-Wunused-imports[0m[0m[;1m][0m[0m[;1m
    The import of `Control.Applicative' is redundant
      except perhaps to import instances from `Control.Applicative'
    To import instances alone, use: import Control.Applicative()[0m[0m
[;1m[34m   |[0m[0m
[;1m[34m52 |[0m[0m [;1m[35mimport Control.Applicative[0m[0m
[;1m[34m   |[0m[0m[;1m[35m ^^^^^^^^^^^^^^^^^^^^^^^^^^[0m[0m
[0m[0m[0m
[;1mNetwork\Connection.hs:101:1: [;1m[35mwarning:[0m[0m[;1m [[;1m[35m-Wunused-top-binds[0m[0m[;1m][0m[0m[;1m
    Defined but not used: `connectionSessionManager'[0m[0m
[;1m[34m    |[0m[0m
[;1m[34m101 |[0m[0m [;1m[35mconnectionSessionManager[0m[0m mvar = TLS.SessionManager
[;1m[34m    |[0m[0m[;1m[35m ^^^^^^^^^^^^^^^^^^^^^^^^[0m[0m
[0m[0m[0m
[;1mNetwork\Connection.hs:117:62: [;1m[35mwarning:[0m[0m[;1m [[;1m[35m-Wdeprecations[0m[0m[;1m][0m[0m[;1m
    In the use of `ciphersuite_all'
    (imported from Network.TLS.Extra, but defined in Network.TLS.Extra.Cipher):
    "This ciphersuite list contains RC4. Use ciphersuite_strong or ciphersuite_default instead."[0m[0m
[;1m[34m    |[0m[0m
[;1m[34m117 |[0m[0m         { TLS.clientSupported = def { TLS.supportedCiphers = [;1m[35mTLS.ciphersuite_all[0m[0m }
[;1m[34m    |[0m[0m[;1m[35m                                                              ^^^^^^^^^^^^^^^^^^^[0m[0m
[0m[0m[0m
[;1mNetwork\Connection.hs:206:39: [;1m[35mwarning:[0m[0m[;1m [[;1m[35m-Wname-shadowing[0m[0m[;1m][0m[0m[;1m
    This binding for `serv' shadows the existing binding
      bound at Network\Connection.hs:205:17[0m[0m
[;1m[34m    |[0m[0m
[;1m[34m206 |[0m[0m                             N.Service [;1m[35mserv[0m[0m -> serv
[;1m[34m    |[0m[0m[;1m[35m                                       ^^^^[0m[0m
[0m[0m[0m
[;1mNetwork\Connection.hs:208:29: [;1m[35mwarning:[0m[0m[;1m [[;1m[35m-Woverlapping-patterns[0m[0m[;1m][0m[0m[;1m
    Pattern match is redundant
    In a case alternative: _ -> ...[0m[0m
[;1m[34m    |[0m[0m
[;1m[34m208 |[0m[0m                             [;1m[35m_              -> error "cannot resolve service"[0m[0m 
[;1m[34m    |[0m[0m[;1m[35m                             ^^^^^^^^^^^^^^^^^^^^^^^^^^^^^^^^^^^^^^^^^^^^^^^^[0m[0m
[0m[0m[0mignoring (possibly broken) abi-depends field for packages
Installing library in C:\sr\snapshots\e374d6ae\lib\x86_64-windows-ghc-8.4.3\connection-0.2.8-Cdh3HHlys3J6ogfXxCq1wV
Registering library for connection-0.2.8..
