Configuring foundation-0.0.21...
Preprocessing library for foundation-0.0.21..
Building library for foundation-0.0.21..
[  1 of 101] Compiling Foundation.Array.Internal ( Foundation\Array\Internal.hs, .stack-work\dist\7d103d30\build\Foundation\Array\Internal.o )
[  2 of 101] Compiling Foundation.Class.Bifunctor ( Foundation\Class\Bifunctor.hs, .stack-work\dist\7d103d30\build\Foundation\Class\Bifunctor.o )
[  3 of 101] Compiling Foundation.Collection.Copy ( Foundation\Collection\Copy.hs, .stack-work\dist\7d103d30\build\Foundation\Collection\Copy.o )
[  4 of 101] Compiling Foundation.Collection.Element ( Foundation\Collection\Element.hs, .stack-work\dist\7d103d30\build\Foundation\Collection\Element.o )
[  5 of 101] Compiling Foundation.Collection.Collection ( Foundation\Collection\Collection.hs, .stack-work\dist\7d103d30\build\Foundation\Collection\Collection.o )
[  6 of 101] Compiling Foundation.Collection.Buildable ( Foundation\Collection\Buildable.hs, .stack-work\dist\7d103d30\build\Foundation\Collection\Buildable.o )
[  7 of 101] Compiling Foundation.Collection.Foldable ( Foundation\Collection\Foldable.hs, .stack-work\dist\7d103d30\build\Foundation\Collection\Foldable.o )
[  8 of 101] Compiling Foundation.Collection.Indexed ( Foundation\Collection\Indexed.hs, .stack-work\dist\7d103d30\build\Foundation\Collection\Indexed.o )
[  9 of 101] Compiling Foundation.Collection.InnerFunctor ( Foundation\Collection\InnerFunctor.hs, .stack-work\dist\7d103d30\build\Foundation\Collection\InnerFunctor.o )
[ 10 of 101] Compiling Foundation.Collection.Keyed ( Foundation\Collection\Keyed.hs, .stack-work\dist\7d103d30\build\Foundation\Collection\Keyed.o )
[ 11 of 101] Compiling Foundation.Collection.Mappable ( Foundation\Collection\Mappable.hs, .stack-work\dist\7d103d30\build\Foundation\Collection\Mappable.o )
[ 12 of 101] Compiling Foundation.Collection.Mutable ( Foundation\Collection\Mutable.hs, .stack-work\dist\7d103d30\build\Foundation\Collection\Mutable.o )
[ 13 of 101] Compiling Foundation.Foreign ( Foundation\Foreign.hs, .stack-work\dist\7d103d30\build\Foundation\Foreign.o )
[ 14 of 101] Compiling Foundation.Foreign.Alloc ( Foundation\Foreign\Alloc.hs, .stack-work\dist\7d103d30\build\Foundation\Foreign\Alloc.o )
[ 15 of 101] Compiling Foundation.IO.Terminal ( Foundation\IO\Terminal.hs, .stack-work\dist\7d103d30\build\Foundation\IO\Terminal.o )
[ 16 of 101] Compiling Foundation.List.ListN ( Foundation\List\ListN.hs, .stack-work\dist\7d103d30\build\Foundation\List\ListN.o )
[ 17 of 101] Compiling Foundation.Math.Trigonometry ( Foundation\Math\Trigonometry.hs, .stack-work\dist\7d103d30\build\Foundation\Math\Trigonometry.o )
[ 18 of 101] Compiling Foundation.Monad.Exception ( Foundation\Monad\Exception.hs, .stack-work\dist\7d103d30\build\Foundation\Monad\Exception.o )
[ 19 of 101] Compiling Foundation.Exception ( Foundation\Exception.hs, .stack-work\dist\7d103d30\build\Foundation\Exception.o )
[ 20 of 101] Compiling Foundation.Monad.MonadIO ( Foundation\Monad\MonadIO.hs, .stack-work\dist\7d103d30\build\Foundation\Monad\MonadIO.o )
[ 21 of 101] Compiling Foundation.Monad.Transformer ( Foundation\Monad\Transformer.hs, .stack-work\dist\7d103d30\build\Foundation\Monad\Transformer.o )
[ 22 of 101] Compiling Foundation.Monad.Identity ( Foundation\Monad\Identity.hs, .stack-work\dist\7d103d30\build\Foundation\Monad\Identity.o )
[ 23 of 101] Compiling Foundation.Monad.Base ( Foundation\Monad\Base.hs, .stack-work\dist\7d103d30\build\Foundation\Monad\Base.o )
[ 24 of 101] Compiling Foundation.Monad.State ( Foundation\Monad\State.hs, .stack-work\dist\7d103d30\build\Foundation\Monad\State.o )
[ 25 of 101] Compiling Foundation.Monad.Reader ( Foundation\Monad\Reader.hs, .stack-work\dist\7d103d30\build\Foundation\Monad\Reader.o )
[ 26 of 101] Compiling Foundation.Monad.Except ( Foundation\Monad\Except.hs, .stack-work\dist\7d103d30\build\Foundation\Monad\Except.o )
[ 27 of 101] Compiling Foundation.Numerical.Floating ( Foundation\Numerical\Floating.hs, .stack-work\dist\7d103d30\build\Foundation\Numerical\Floating.o )
[ 28 of 101] Compiling Foundation.Numerical ( Foundation\Numerical.hs, .stack-work\dist\7d103d30\build\Foundation\Numerical.o )
[ 29 of 101] Compiling Foundation.Monad ( Foundation\Monad.hs, .stack-work\dist\7d103d30\build\Foundation\Monad.o )
[ 30 of 101] Compiling Foundation.Conduit.Internal ( Foundation\Conduit\Internal.hs, .stack-work\dist\7d103d30\build\Foundation\Conduit\Internal.o )

[;1mFoundation\Conduit\Internal.hs:147:11: [;1m[35mwarning:[0m[0m[;1m [[;1m[35m-Winline-rule-shadowing[0m[0m[;1m][0m[0m[;1m
    Rule "conduit: await >>= maybe" may never fire
      because `maybe' might inline first
    Probable fix: add an INLINE[n] or NOINLINE[n] pragma for `maybe'[0m[0m
[;1m[34m    |[0m[0m
[;1m[34m147 |[0m[0m {-# RULES [;1m[35m"conduit: await >>= maybe" [2] forall x y. await >>= maybe x y = await' x y[0m[0m #-}
[;1m[34m    |[0m[0m[;1m[35m           ^^^^^^^^^^^^^^^^^^^^^^^^^^^^^^^^^^^^^^^^^^^^^^^^^^^^^^^^^^^^^^^^^^^^^^^^^^^[0m[0m
[0m[0m[0m[ 31 of 101] Compiling Foundation.Collection.List ( Foundation\Collection\List.hs, .stack-work\dist\7d103d30\build\Foundation\Collection\List.o )
[ 32 of 101] Compiling Foundation.Collection.Sequential ( Foundation\Collection\Sequential.hs, .stack-work\dist\7d103d30\build\Foundation\Collection\Sequential.o )
[ 33 of 101] Compiling Foundation.Collection.Zippable ( Foundation\Collection\Zippable.hs, .stack-work\dist\7d103d30\build\Foundation\Collection\Zippable.o )
[ 34 of 101] Compiling Foundation.Collection ( Foundation\Collection.hs, .stack-work\dist\7d103d30\build\Foundation\Collection.o )
[ 35 of 101] Compiling Foundation.List.DList ( Foundation\List\DList.hs, .stack-work\dist\7d103d30\build\Foundation\List\DList.o )
[ 36 of 101] Compiling Foundation.Class.Storable ( Foundation\Class\Storable.hs, .stack-work\dist\7d103d30\build\Foundation\Class\Storable.o )
[ 37 of 101] Compiling Foundation.Bits  ( Foundation\Bits.hs, .stack-work\dist\7d103d30\build\Foundation\Bits.o )
[ 38 of 101] Compiling Foundation.Array.Bitmap ( Foundation\Array\Bitmap.hs, .stack-work\dist\7d103d30\build\Foundation\Array\Bitmap.o )
[ 39 of 101] Compiling Foundation.Partial ( Foundation\Partial.hs, .stack-work\dist\7d103d30\build\Foundation\Partial.o )
[ 40 of 101] Compiling Foundation.Primitive ( Foundation\Primitive.hs, .stack-work\dist\7d103d30\build\Foundation\Primitive.o )
[ 41 of 101] Compiling Foundation.Array.Chunked.Unboxed ( Foundation\Array\Chunked\Unboxed.hs, .stack-work\dist\7d103d30\build\Foundation\Array\Chunked\Unboxed.o )
[ 42 of 101] Compiling Foundation.Array ( Foundation\Array.hs, .stack-work\dist\7d103d30\build\Foundation\Array.o )
[ 43 of 101] Compiling Foundation.Hashing.Hasher ( Foundation\Hashing\Hasher.hs, .stack-work\dist\7d103d30\build\Foundation\Hashing\Hasher.o )
[ 44 of 101] Compiling Foundation.Hashing.SipHash ( Foundation\Hashing\SipHash.hs, .stack-work\dist\7d103d30\build\Foundation\Hashing\SipHash.o )
[ 45 of 101] Compiling Foundation.Hashing.FNV ( Foundation\Hashing\FNV.hs, .stack-work\dist\7d103d30\build\Foundation\Hashing\FNV.o )
[ 46 of 101] Compiling Foundation.Strict ( Foundation\Strict.hs, .stack-work\dist\7d103d30\build\Foundation\Strict.o )
[ 47 of 101] Compiling Foundation.String ( Foundation\String.hs, .stack-work\dist\7d103d30\build\Foundation\String.o )
[ 48 of 101] Compiling Foundation.Parser ( Foundation\Parser.hs, .stack-work\dist\7d103d30\build\Foundation\Parser.o )
[ 49 of 101] Compiling Foundation.Conduit.Textual ( Foundation\Conduit\Textual.hs, .stack-work\dist\7d103d30\build\Foundation\Conduit\Textual.o )
[ 50 of 101] Compiling Foundation.String.Builder ( Foundation\String\Builder.hs, .stack-work\dist\7d103d30\build\Foundation\String\Builder.o )
[ 51 of 101] Compiling Foundation.String.Read ( Foundation\String\Read.hs, .stack-work\dist\7d103d30\build\Foundation\String\Read.o )
[ 52 of 101] Compiling Foundation.System.Bindings.Hs ( Foundation\System\Bindings\Hs.hs, .stack-work\dist\7d103d30\build\Foundation\System\Bindings\Hs.o )
[ 53 of 101] Compiling Foundation.System.Bindings.Network ( .stack-work\dist\7d103d30\build\Foundation\System\Bindings\Network.hs, .stack-work\dist\7d103d30\build\Foundation\System\Bindings\Network.o )
[ 54 of 101] Compiling Foundation.System.Bindings.Time ( .stack-work\dist\7d103d30\build\Foundation\System\Bindings\Time.hs, .stack-work\dist\7d103d30\build\Foundation\System\Bindings\Time.o )
[ 55 of 101] Compiling Foundation.System.Bindings.Windows ( Foundation\System\Bindings\Windows.hs, .stack-work\dist\7d103d30\build\Foundation\System\Bindings\Windows.o )
[ 56 of 101] Compiling Foundation.System.Bindings ( Foundation\System\Bindings.hs, .stack-work\dist\7d103d30\build\Foundation\System\Bindings.o )

[;1mFoundation\System\Bindings.hs:4:7: [;1m[35mwarning:[0m[0m[;1m [[;1m[35m-Wdodgy-exports[0m[0m[;1m][0m[0m[;1m
    The export item `module X' exports nothing[0m[0m
[;1m[34m  |[0m[0m
[;1m[34m4 |[0m[0m     ( [;1m[35mmodule X[0m[0m
[;1m[34m  |[0m[0m[;1m[35m       ^^^^^^^^[0m[0m
[0m[0m[0m
[;1mFoundation\System\Bindings.hs:8:1: [;1m[35mwarning:[0m[0m[;1m [[;1m[35m-Wunused-imports[0m[0m[;1m][0m[0m[;1m
    The import of `Foundation.System.Bindings.Windows' is redundant
      except perhaps to import instances from `Foundation.System.Bindings.Windows'
    To import instances alone, use: import Foundation.System.Bindings.Windows()[0m[0m
[;1m[34m  |[0m[0m
[;1m[34m8 |[0m[0m [;1m[35mimport Foundation.System.Bindings.Windows as X[0m[0m
[;1m[34m  |[0m[0m[;1m[35m ^^^^^^^^^^^^^^^^^^^^^^^^^^^^^^^^^^^^^^^^^^^^^^[0m[0m
[0m[0m[0m[ 57 of 101] Compiling Foundation.System.Entropy.Common ( Foundation\System\Entropy\Common.hs, .stack-work\dist\7d103d30\build\Foundation\System\Entropy\Common.o )
[ 58 of 101] Compiling Foundation.System.Entropy.Windows ( Foundation\System\Entropy\Windows.hs, .stack-work\dist\7d103d30\build\Foundation\System\Entropy\Windows.o )
[ 59 of 101] Compiling Foundation.System.Entropy ( Foundation\System\Entropy.hs, .stack-work\dist\7d103d30\build\Foundation\System\Entropy.o )
[ 60 of 101] Compiling Foundation.Random.Class ( Foundation\Random\Class.hs, .stack-work\dist\7d103d30\build\Foundation\Random\Class.o )
[ 61 of 101] Compiling Foundation.Random.DRG ( Foundation\Random\DRG.hs, .stack-work\dist\7d103d30\build\Foundation\Random\DRG.o )
[ 62 of 101] Compiling Foundation.Random.XorShift ( Foundation\Random\XorShift.hs, .stack-work\dist\7d103d30\build\Foundation\Random\XorShift.o )
[ 63 of 101] Compiling Foundation.Random.ChaChaDRG ( Foundation\Random\ChaChaDRG.hs, .stack-work\dist\7d103d30\build\Foundation\Random\ChaChaDRG.o )
[ 64 of 101] Compiling Foundation.Random ( Foundation\Random.hs, .stack-work\dist\7d103d30\build\Foundation\Random.o )
[ 65 of 101] Compiling Foundation.Check.Gen ( Foundation\Check\Gen.hs, .stack-work\dist\7d103d30\build\Foundation\Check\Gen.o )
[ 66 of 101] Compiling Foundation.Check.Config ( Foundation\Check\Config.hs, .stack-work\dist\7d103d30\build\Foundation\Check\Config.o )
[ 67 of 101] Compiling Foundation.Check.Arbitrary ( Foundation\Check\Arbitrary.hs, .stack-work\dist\7d103d30\build\Foundation\Check\Arbitrary.o )
[ 68 of 101] Compiling Foundation.Format.CSV.Types ( Foundation\Format\CSV\Types.hs, .stack-work\dist\7d103d30\build\Foundation\Format\CSV\Types.o )
[ 69 of 101] Compiling Foundation.Format.CSV.Builder ( Foundation\Format\CSV\Builder.hs, .stack-work\dist\7d103d30\build\Foundation\Format\CSV\Builder.o )
[ 70 of 101] Compiling Foundation.Check.Property ( Foundation\Check\Property.hs, .stack-work\dist\7d103d30\build\Foundation\Check\Property.o )
[ 71 of 101] Compiling Foundation.Check.Types ( Foundation\Check\Types.hs, .stack-work\dist\7d103d30\build\Foundation\Check\Types.o )
[ 72 of 101] Compiling Foundation.Check.Print ( Foundation\Check\Print.hs, .stack-work\dist\7d103d30\build\Foundation\Check\Print.o )
[ 73 of 101] Compiling Foundation.Check ( Foundation\Check.hs, .stack-work\dist\7d103d30\build\Foundation\Check.o )
[ 74 of 101] Compiling Foundation.Check.Main ( Foundation\Check\Main.hs, .stack-work\dist\7d103d30\build\Foundation\Check\Main.o )
[ 75 of 101] Compiling Foundation.System.Info ( Foundation\System\Info.hs, .stack-work\dist\7d103d30\build\Foundation\System\Info.o )
[ 76 of 101] Compiling Foundation.Time.Types ( Foundation\Time\Types.hs, .stack-work\dist\7d103d30\build\Foundation\Time\Types.o )
[ 77 of 101] Compiling Foundation.Time.StopWatch ( Foundation\Time\StopWatch.hs, .stack-work\dist\7d103d30\build\Foundation\Time\StopWatch.o )
[ 78 of 101] Compiling Foundation.Time.Bindings ( Foundation\Time\Bindings.hs, .stack-work\dist\7d103d30\build\Foundation\Time\Bindings.o )
[ 79 of 101] Compiling Foundation.Timing ( Foundation\Timing.hs, .stack-work\dist\7d103d30\build\Foundation\Timing.o )
[ 80 of 101] Compiling Foundation.Timing.Main ( Foundation\Timing\Main.hs, .stack-work\dist\7d103d30\build\Foundation\Timing\Main.o )
[ 81 of 101] Compiling Foundation.Tuple ( Foundation\Tuple.hs, .stack-work\dist\7d103d30\build\Foundation\Tuple.o )
[ 82 of 101] Compiling Foundation.Hashing.Hashable ( Foundation\Hashing\Hashable.hs, .stack-work\dist\7d103d30\build\Foundation\Hashing\Hashable.o )
[ 83 of 101] Compiling Foundation.Network.IPv6 ( Foundation\Network\IPv6.hs, .stack-work\dist\7d103d30\build\Foundation\Network\IPv6.o )
[ 84 of 101] Compiling Foundation.Network.IPv4 ( Foundation\Network\IPv4.hs, .stack-work\dist\7d103d30\build\Foundation\Network\IPv4.o )
[ 85 of 101] Compiling Foundation.Hashing ( Foundation\Hashing.hs, .stack-work\dist\7d103d30\build\Foundation\Hashing.o )
[ 86 of 101] Compiling Foundation       ( Foundation.hs, .stack-work\dist\7d103d30\build\Foundation.o )
[ 87 of 101] Compiling Foundation.Tuple.Nth ( Foundation\Tuple\Nth.hs, .stack-work\dist\7d103d30\build\Foundation\Tuple\Nth.o )
[ 88 of 101] Compiling Foundation.UUID  ( Foundation\UUID.hs, .stack-work\dist\7d103d30\build\Foundation\UUID.o )
[ 89 of 101] Compiling Foundation.VFS.Path ( Foundation\VFS\Path.hs, .stack-work\dist\7d103d30\build\Foundation\VFS\Path.o )
[ 90 of 101] Compiling Foundation.VFS.FilePath ( Foundation\VFS\FilePath.hs, .stack-work\dist\7d103d30\build\Foundation\VFS\FilePath.o )
[ 91 of 101] Compiling Foundation.VFS   ( Foundation\VFS.hs, .stack-work\dist\7d103d30\build\Foundation\VFS.o )
[ 92 of 101] Compiling Foundation.IO.File ( Foundation\IO\File.hs, .stack-work\dist\7d103d30\build\Foundation\IO\File.o )
[ 93 of 101] Compiling Foundation.IO    ( Foundation\IO.hs, .stack-work\dist\7d103d30\build\Foundation\IO.o )
[ 94 of 101] Compiling Foundation.Conduit ( Foundation\Conduit.hs, .stack-work\dist\7d103d30\build\Foundation\Conduit.o )
[ 95 of 101] Compiling Foundation.Format.CSV.Parser ( Foundation\Format\CSV\Parser.hs, .stack-work\dist\7d103d30\build\Foundation\Format\CSV\Parser.o )
[ 96 of 101] Compiling Foundation.Format.CSV ( Foundation\Format\CSV.hs, .stack-work\dist\7d103d30\build\Foundation\Format\CSV.o )
[ 97 of 101] Compiling Foundation.Foreign.MemoryMap.Types ( Foundation\Foreign\MemoryMap\Types.hs, .stack-work\dist\7d103d30\build\Foundation\Foreign\MemoryMap\Types.o )
[ 98 of 101] Compiling Foundation.Foreign.MemoryMap.Windows ( Foundation\Foreign\MemoryMap\Windows.hs, .stack-work\dist\7d103d30\build\Foundation\Foreign\MemoryMap\Windows.o )
[ 99 of 101] Compiling Foundation.Foreign.MemoryMap ( Foundation\Foreign\MemoryMap.hs, .stack-work\dist\7d103d30\build\Foundation\Foreign\MemoryMap.o )
[100 of 101] Compiling Foundation.IO.FileMap ( Foundation\IO\FileMap.hs, .stack-work\dist\7d103d30\build\Foundation\IO\FileMap.o )
[101 of 101] Compiling Foundation.VFS.URI ( Foundation\VFS\URI.hs, .stack-work\dist\7d103d30\build\Foundation\VFS\URI.o )
ignoring (possibly broken) abi-depends field for packages
Installing library in C:\sr\snapshots\e374d6ae\lib\x86_64-windows-ghc-8.4.3\foundation-0.0.21-IMRxkWcRuoO50z31g4bjmH
Registering library for foundation-0.0.21..
