Configuring streaming-commons-0.2.1.0...
Preprocessing library for streaming-commons-0.2.1.0..
Building library for streaming-commons-0.2.1.0..
[ 1 of 17] Compiling Data.Streaming.ByteString.Builder.Buffer ( Data\Streaming\ByteString\Builder\Buffer.hs, .stack-work\dist\7d103d30\build\Data\Streaming\ByteString\Builder\Buffer.o )
[ 2 of 17] Compiling Data.Streaming.ByteString.Builder ( Data\Streaming\ByteString\Builder.hs, .stack-work\dist\7d103d30\build\Data\Streaming\ByteString\Builder.o )
[ 3 of 17] Compiling Data.Streaming.Filesystem ( Data\Streaming\Filesystem.hs, .stack-work\dist\7d103d30\build\Data\Streaming\Filesystem.o )
[ 4 of 17] Compiling Data.Streaming.Network.Internal ( Data\Streaming\Network\Internal.hs, .stack-work\dist\7d103d30\build\Data\Streaming\Network\Internal.o )
[ 5 of 17] Compiling Data.Streaming.Network ( Data\Streaming\Network.hs, .stack-work\dist\7d103d30\build\Data\Streaming\Network.o )
[ 6 of 17] Compiling Data.Streaming.Process.Internal ( Data\Streaming\Process\Internal.hs, .stack-work\dist\7d103d30\build\Data\Streaming\Process\Internal.o )
[ 7 of 17] Compiling Data.Streaming.Process ( Data\Streaming\Process.hs, .stack-work\dist\7d103d30\build\Data\Streaming\Process.o )
[ 8 of 17] Compiling Data.Streaming.Zlib.Lowlevel ( Data\Streaming\Zlib\Lowlevel.hs, .stack-work\dist\7d103d30\build\Data\Streaming\Zlib\Lowlevel.o )
[ 9 of 17] Compiling Data.Streaming.Zlib ( Data\Streaming\Zlib.hs, .stack-work\dist\7d103d30\build\Data\Streaming\Zlib.o )
[10 of 17] Compiling Data.Text.Internal.Encoding.Utf16 ( Data\Text\Internal\Encoding\Utf16.hs, .stack-work\dist\7d103d30\build\Data\Text\Internal\Encoding\Utf16.o )
[11 of 17] Compiling Data.Text.Internal.Encoding.Utf32 ( Data\Text\Internal\Encoding\Utf32.hs, .stack-work\dist\7d103d30\build\Data\Text\Internal\Encoding\Utf32.o )
[12 of 17] Compiling Data.Text.Internal.Unsafe.Shift ( Data\Text\Internal\Unsafe\Shift.hs, .stack-work\dist\7d103d30\build\Data\Text\Internal\Unsafe\Shift.o )
[13 of 17] Compiling Data.Text.Internal.Unsafe.Char ( Data\Text\Internal\Unsafe\Char.hs, .stack-work\dist\7d103d30\build\Data\Text\Internal\Unsafe\Char.o )
[14 of 17] Compiling Data.Text.Internal.Encoding.Utf8 ( Data\Text\Internal\Encoding\Utf8.hs, .stack-work\dist\7d103d30\build\Data\Text\Internal\Encoding\Utf8.o )
[15 of 17] Compiling Data.Streaming.Text ( Data\Streaming\Text.hs, .stack-work\dist\7d103d30\build\Data\Streaming\Text.o )
[16 of 17] Compiling System.Win32File ( .stack-work\dist\7d103d30\build\System\Win32File.hs, .stack-work\dist\7d103d30\build\System\Win32File.o )
[17 of 17] Compiling Data.Streaming.FileRead ( Data\Streaming\FileRead.hs, .stack-work\dist\7d103d30\build\Data\Streaming\FileRead.o )
ignoring (possibly broken) abi-depends field for packages
Installing library in C:\sr\snapshots\e374d6ae\lib\x86_64-windows-ghc-8.4.3\streaming-commons-0.2.1.0-4DudhvzViag5JleAqKB3r2
Registering library for streaming-commons-0.2.1.0..
